2020-07-16 19:56:15 INFO  Log:19 - =====================================loginTest TEST START=========================================
2020-07-16 19:56:15 INFO  Log:31 - Click on SignIn
2020-07-16 19:56:18 INFO  Log:31 - Enter Email Id and Password
2020-07-16 19:56:22 INFO  Log:31 - Verifying User is able to login
2020-07-16 19:56:22 INFO  Log:31 - Login is suceessful
2020-07-16 19:56:22 INFO  Log:24 - =====================================loginTest TEST END=========================================
2020-07-17 17:14:49 INFO  Log:19 - =====================================loginTest TEST START=========================================
2020-07-17 17:14:49 INFO  Log:31 - Click on SignIn
2020-07-17 17:14:52 INFO  Log:31 - Enter Email Id and Password
2020-07-17 17:14:55 INFO  Log:31 - Verifying User is able to login
2020-07-17 17:14:55 INFO  Log:31 - Login is suceessful
2020-07-17 17:14:55 INFO  Log:24 - =====================================loginTest TEST END=========================================
2020-07-17 17:28:38 INFO  Log:19 - =====================================loginTest TEST START=========================================
2020-07-17 17:28:38 INFO  Log:31 - Click on SignIn
2020-07-17 17:28:41 INFO  Log:31 - Enter Email Id and Password
2020-07-17 17:28:44 INFO  Log:31 - Verifying User is able to login
2020-07-17 17:28:44 INFO  Log:31 - Login is suceessful
2020-07-17 17:28:44 INFO  Log:24 - =====================================loginTest TEST END=========================================
2020-07-17 17:31:02 INFO  Log:19 - =====================================loginTest TEST START=========================================
2020-07-17 17:31:02 INFO  Log:31 - Click on SignIn
2020-07-17 17:31:04 INFO  Log:31 - Enter Email Id and Password
2020-07-17 17:31:06 INFO  Log:31 - Verifying User is able to login
2020-07-17 17:31:06 INFO  Log:31 - Login is suceessful
2020-07-17 17:31:06 INFO  Log:24 - =====================================loginTest TEST END=========================================
2020-07-17 17:31:20 INFO  Log:19 - =====================================loginTestFromExcelData TEST START=========================================
2020-07-17 17:31:20 INFO  Log:31 - Click on SignIn
2020-07-17 17:31:23 INFO  Log:31 - Enter Email Id and Password
2020-07-17 17:31:25 INFO  Log:31 - Verifying User is able to login
2020-07-17 17:33:35 INFO  Log:19 - =====================================loginTestFromExcelData TEST START=========================================
2020-07-17 17:33:36 INFO  Log:31 - Click on SignIn
2020-07-17 17:33:38 INFO  Log:31 - Enter Email Id and Password
2020-07-17 17:33:40 INFO  Log:31 - Verifying User is able to login
2020-07-17 17:34:20 INFO  Log:19 - =====================================loginTestFromExcelData TEST START=========================================
2020-07-17 17:34:20 INFO  Log:31 - Click on SignIn
2020-07-17 17:34:22 INFO  Log:31 - Enter Email Id and Password
2020-07-17 17:34:24 INFO  Log:31 - Verifying User is able to login
2020-07-17 17:40:34 INFO  Log:19 - =====================================loginTestFromExcelData TEST START=========================================
2020-07-17 17:40:34 INFO  Log:31 - Click on SignIn
2020-07-17 17:40:37 INFO  Log:31 - Enter Email Id and Password
2020-07-17 17:40:39 INFO  Log:31 - Verifying User is able to login
2020-07-17 17:40:39 INFO  Log:31 - Login is suceessful
2020-07-17 17:40:39 INFO  Log:24 - =====================================loginTestFromExcelData TEST END=========================================
2020-07-17 17:41:22 INFO  Log:19 - =====================================loginTestFromExcelData TEST START=========================================
2020-07-17 17:41:22 INFO  Log:31 - Click on SignIn
2020-07-17 17:41:25 INFO  Log:31 - Enter Email Id and Password
2020-07-17 17:41:27 INFO  Log:31 - Verifying User is able to login
2020-07-17 17:41:27 INFO  Log:31 - Login is suceessful
2020-07-17 17:41:27 INFO  Log:24 - =====================================loginTestFromExcelData TEST END=========================================
2020-07-17 17:44:27 INFO  Log:19 - =====================================loginTest TEST START=========================================
2020-07-17 17:44:27 INFO  Log:31 - Click on SignIn
2020-07-17 17:44:31 INFO  Log:31 - Enter Email Id and Password
2020-07-17 17:44:37 INFO  Log:31 - Verifying User is able to login
2020-07-17 17:44:37 INFO  Log:31 - Login is suceessful
2020-07-17 17:44:37 INFO  Log:24 - =====================================loginTest TEST END=========================================
2020-07-17 17:44:50 INFO  Log:19 - =====================================loginTestFromExcelData TEST START=========================================
2020-07-17 17:44:50 INFO  Log:31 - Click on SignIn
2020-07-17 17:44:54 INFO  Log:31 - Enter Email Id and Password
2020-07-17 17:44:56 INFO  Log:31 - Verifying User is able to login
2020-07-17 17:44:56 INFO  Log:31 - Login is suceessful
2020-07-17 17:44:56 INFO  Log:24 - =====================================loginTestFromExcelData TEST END=========================================
2020-07-17 17:45:11 INFO  Log:19 - =====================================loginTestFromExcelData TEST START=========================================
2020-07-17 17:45:11 INFO  Log:31 - Click on SignIn
2020-07-17 17:45:14 INFO  Log:31 - Enter Email Id and Password
2020-07-17 17:45:16 INFO  Log:31 - Verifying User is able to login
2020-07-17 18:04:48 INFO  Log:19 - =====================================loginTest TEST START=========================================
2020-07-17 18:04:48 INFO  Log:31 - Click on SignIn
2020-07-17 18:04:50 INFO  Log:31 - Enter Email Id and Password
2020-07-17 18:04:53 INFO  Log:31 - Verifying User is able to login
2020-07-17 18:04:53 INFO  Log:31 - Login is suceessful
2020-07-17 18:04:53 INFO  Log:24 - =====================================loginTest TEST END=========================================
2020-07-17 18:05:06 INFO  Log:19 - =====================================loginTestFromExcelData TEST START=========================================
2020-07-17 18:05:06 INFO  Log:31 - Click on SignIn
2020-07-17 18:05:09 INFO  Log:31 - Enter Email Id and Password
2020-07-17 18:05:11 INFO  Log:31 - Verifying User is able to login
2020-07-17 18:05:11 INFO  Log:31 - Login is suceessful
2020-07-17 18:05:11 INFO  Log:24 - =====================================loginTestFromExcelData TEST END=========================================
2020-07-17 18:05:25 INFO  Log:19 - =====================================loginTestFromExcelData TEST START=========================================
2020-07-17 18:05:25 INFO  Log:31 - Click on SignIn
2020-07-17 18:05:27 INFO  Log:31 - Enter Email Id and Password
2020-07-17 18:05:29 INFO  Log:31 - Verifying User is able to login
2020-07-17 19:18:03 INFO  Log:19 - =====================================loginTestFromExcelData TEST START=========================================
2020-07-17 19:18:03 INFO  Log:31 - Click on SignIn
2020-07-17 19:18:04 INFO  Log:31 - Enter Email Id and Password
2020-07-17 19:18:08 INFO  Log:31 - Verifying User is able to login
2020-07-17 19:18:08 INFO  Log:31 - Login is suceessful
2020-07-17 19:18:08 INFO  Log:24 - =====================================loginTestFromExcelData TEST END=========================================
2020-07-17 19:18:23 INFO  Log:19 - =====================================loginTestFromExcelData TEST START=========================================
2020-07-17 19:18:23 INFO  Log:31 - Click on SignIn
2020-07-17 19:18:24 INFO  Log:31 - Enter Email Id and Password
2020-07-17 19:18:27 INFO  Log:31 - Verifying User is able to login
2020-07-17 19:22:46 INFO  Log:19 - =====================================loginTestFromExcelData TEST START=========================================
2020-07-17 19:22:46 INFO  Log:31 - Click on SignIn
2020-07-17 19:22:49 INFO  Log:31 - Enter Email Id and Password
2020-07-17 19:22:54 INFO  Log:31 - Verifying User is able to login
2020-07-17 19:22:54 INFO  Log:31 - Login is suceessful
2020-07-17 19:22:54 INFO  Log:24 - =====================================loginTestFromExcelData TEST END=========================================
2020-07-17 19:23:10 INFO  Log:19 - =====================================loginTestFromExcelData TEST START=========================================
2020-07-17 19:23:10 INFO  Log:31 - Click on SignIn
2020-07-17 19:23:11 INFO  Log:31 - Enter Email Id and Password
2020-07-17 19:23:14 INFO  Log:31 - Verifying User is able to login
2020-07-20 14:52:58 INFO  Log:19 - =====================================loginTest TEST START=========================================
2020-07-20 14:52:58 INFO  Log:31 - Click on SignIn
2020-07-20 14:53:00 INFO  Log:31 - Enter Email Id and Password
2020-07-20 14:53:04 INFO  Log:31 - Verifying User is able to login
2020-07-20 14:53:04 INFO  Log:31 - Login is suceessful
2020-07-20 14:53:04 INFO  Log:24 - =====================================loginTest TEST END=========================================
2020-07-20 14:53:18 INFO  Log:19 - =====================================loginTestFromExcelData TEST START=========================================
2020-07-20 14:53:18 INFO  Log:31 - Click on SignIn
2020-07-20 14:53:20 INFO  Log:31 - Enter Email Id and Password
2020-07-20 14:53:23 INFO  Log:31 - Verifying User is able to login
2020-07-20 14:53:23 INFO  Log:31 - Login is suceessful
2020-07-20 14:53:23 INFO  Log:24 - =====================================loginTestFromExcelData TEST END=========================================
2020-07-20 14:53:38 INFO  Log:19 - =====================================loginTestFromExcelData TEST START=========================================
2020-07-20 14:53:38 INFO  Log:31 - Click on SignIn
2020-07-20 14:53:39 INFO  Log:31 - Enter Email Id and Password
2020-07-20 14:53:42 INFO  Log:31 - Verifying User is able to login
2020-07-20 15:05:22 INFO  Log:19 - =====================================loginTest TEST START=========================================
2020-07-20 15:05:22 INFO  Log:31 - Click on SignIn
2020-07-20 15:05:24 INFO  Log:31 - Enter Email Id and Password
2020-07-20 15:05:27 INFO  Log:31 - Verifying User is able to login
2020-07-20 15:05:27 INFO  Log:31 - Login is suceessful
2020-07-20 15:05:27 INFO  Log:24 - =====================================loginTest TEST END=========================================
2020-07-20 15:05:43 INFO  Log:19 - =====================================loginTestFromExcelData TEST START=========================================
2020-07-20 15:05:43 INFO  Log:31 - Click on SignIn
2020-07-20 15:05:45 INFO  Log:31 - Enter Email Id and Password
2020-07-20 15:05:48 INFO  Log:31 - Verifying User is able to login
2020-07-20 15:05:48 INFO  Log:31 - Login is suceessful
2020-07-20 15:05:48 INFO  Log:24 - =====================================loginTestFromExcelData TEST END=========================================
2020-07-20 15:06:04 INFO  Log:19 - =====================================loginTestFromExcelData TEST START=========================================
2020-07-20 15:06:04 INFO  Log:31 - Click on SignIn
2020-07-20 15:06:06 INFO  Log:31 - Enter Email Id and Password
2020-07-20 15:06:08 INFO  Log:31 - Verifying User is able to login
2020-07-20 15:09:21 DEBUG cache:45 - Couldn't find template in cache for "v3html/v3-html-index.ftl"("en", UTF-8, parsed); will try to load it.
2020-07-20 15:09:21 DEBUG cache:45 - TemplateLoader.findTemplateSource("v3html/v3-html-index_en.ftl"): Not found
2020-07-20 15:09:21 DEBUG cache:45 - TemplateLoader.findTemplateSource("v3html/v3-html-index.ftl"): Found
2020-07-20 15:09:21 DEBUG cache:45 - Loading template for "v3html/v3-html-index.ftl"("en", UTF-8, parsed) from "jar:file:/C:/Users/Vidya/.m2/repository/com/aventstack/extentreports/4.0.9/extentreports-4.0.9.jar!/com/aventstack/extentreports/view/v3html/v3-html-index.ftl"
2020-07-20 15:09:21 DEBUG cache:45 - Couldn't find template in cache for "v3html/v3-html-head.ftl"("en", UTF-8, parsed); will try to load it.
2020-07-20 15:09:21 DEBUG cache:45 - TemplateLoader.findTemplateSource("v3html/v3-html-head_en.ftl"): Not found
2020-07-20 15:09:21 DEBUG cache:45 - TemplateLoader.findTemplateSource("v3html/v3-html-head.ftl"): Found
2020-07-20 15:09:21 DEBUG cache:45 - Loading template for "v3html/v3-html-head.ftl"("en", UTF-8, parsed) from "jar:file:/C:/Users/Vidya/.m2/repository/com/aventstack/extentreports/4.0.9/extentreports-4.0.9.jar!/com/aventstack/extentreports/view/v3html/v3-html-head.ftl"
2020-07-20 15:09:22 DEBUG cache:45 - Couldn't find template in cache for "v3html/v3-html-nav.ftl"("en", UTF-8, parsed); will try to load it.
2020-07-20 15:09:22 DEBUG cache:45 - TemplateLoader.findTemplateSource("v3html/v3-html-nav_en.ftl"): Not found
2020-07-20 15:09:22 DEBUG cache:45 - TemplateLoader.findTemplateSource("v3html/v3-html-nav.ftl"): Found
2020-07-20 15:09:22 DEBUG cache:45 - Loading template for "v3html/v3-html-nav.ftl"("en", UTF-8, parsed) from "jar:file:/C:/Users/Vidya/.m2/repository/com/aventstack/extentreports/4.0.9/extentreports-4.0.9.jar!/com/aventstack/extentreports/view/v3html/v3-html-nav.ftl"
2020-07-20 15:09:22 DEBUG cache:45 - Couldn't find template in cache for "v3html/test-view/v3-html-test-view.ftl"("en", UTF-8, parsed); will try to load it.
2020-07-20 15:09:22 DEBUG cache:45 - TemplateLoader.findTemplateSource("v3html/test-view/v3-html-test-view_en.ftl"): Not found
2020-07-20 15:09:22 DEBUG cache:45 - TemplateLoader.findTemplateSource("v3html/test-view/v3-html-test-view.ftl"): Found
2020-07-20 15:09:22 DEBUG cache:45 - Loading template for "v3html/test-view/v3-html-test-view.ftl"("en", UTF-8, parsed) from "jar:file:/C:/Users/Vidya/.m2/repository/com/aventstack/extentreports/4.0.9/extentreports-4.0.9.jar!/com/aventstack/extentreports/view/v3html/test-view/v3-html-test-view.ftl"
2020-07-20 15:09:22 DEBUG cache:45 - Couldn't find template in cache for "v3html/test-view/v3-html-test-view-charts.ftl"("en", UTF-8, parsed); will try to load it.
2020-07-20 15:09:22 DEBUG cache:45 - TemplateLoader.findTemplateSource("v3html/test-view/v3-html-test-view-charts_en.ftl"): Not found
2020-07-20 15:09:22 DEBUG cache:45 - TemplateLoader.findTemplateSource("v3html/test-view/v3-html-test-view-charts.ftl"): Found
2020-07-20 15:09:22 DEBUG cache:45 - Loading template for "v3html/test-view/v3-html-test-view-charts.ftl"("en", UTF-8, parsed) from "jar:file:/C:/Users/Vidya/.m2/repository/com/aventstack/extentreports/4.0.9/extentreports-4.0.9.jar!/com/aventstack/extentreports/view/v3html/test-view/v3-html-test-view-charts.ftl"
2020-07-20 15:09:22 DEBUG cache:45 - Couldn't find template in cache for "v3html/test-view/v3-html-standard.ftl"("en", UTF-8, parsed); will try to load it.
2020-07-20 15:09:22 DEBUG cache:45 - TemplateLoader.findTemplateSource("v3html/test-view/v3-html-standard_en.ftl"): Not found
2020-07-20 15:09:22 DEBUG cache:45 - TemplateLoader.findTemplateSource("v3html/test-view/v3-html-standard.ftl"): Found
2020-07-20 15:09:22 DEBUG cache:45 - Loading template for "v3html/test-view/v3-html-standard.ftl"("en", UTF-8, parsed) from "jar:file:/C:/Users/Vidya/.m2/repository/com/aventstack/extentreports/4.0.9/extentreports-4.0.9.jar!/com/aventstack/extentreports/view/v3html/test-view/v3-html-standard.ftl"
2020-07-20 15:09:22 DEBUG cache:45 - "v3html/test-view/v3-html-standard.ftl"("en", UTF-8, parsed) cached copy not yet stale; using cached.
2020-07-20 15:09:22 DEBUG cache:45 - "v3html/test-view/v3-html-standard.ftl"("en", UTF-8, parsed) cached copy not yet stale; using cached.
2020-07-20 15:09:22 DEBUG cache:45 - "v3html/test-view/v3-html-standard.ftl"("en", UTF-8, parsed) cached copy not yet stale; using cached.
2020-07-20 15:09:22 DEBUG cache:45 - "v3html/test-view/v3-html-standard.ftl"("en", UTF-8, parsed) cached copy not yet stale; using cached.
2020-07-20 15:09:22 DEBUG cache:45 - "v3html/test-view/v3-html-standard.ftl"("en", UTF-8, parsed) cached copy not yet stale; using cached.
2020-07-20 15:09:22 DEBUG cache:45 - "v3html/test-view/v3-html-standard.ftl"("en", UTF-8, parsed) cached copy not yet stale; using cached.
2020-07-20 15:09:22 DEBUG cache:45 - "v3html/test-view/v3-html-standard.ftl"("en", UTF-8, parsed) cached copy not yet stale; using cached.
2020-07-20 15:09:22 DEBUG cache:45 - "v3html/test-view/v3-html-standard.ftl"("en", UTF-8, parsed) cached copy not yet stale; using cached.
2020-07-20 15:09:22 DEBUG cache:45 - "v3html/test-view/v3-html-standard.ftl"("en", UTF-8, parsed) cached copy not yet stale; using cached.
2020-07-20 15:09:22 DEBUG cache:45 - "v3html/test-view/v3-html-standard.ftl"("en", UTF-8, parsed) cached copy not yet stale; using cached.
2020-07-20 15:09:22 DEBUG cache:45 - "v3html/test-view/v3-html-standard.ftl"("en", UTF-8, parsed) cached copy not yet stale; using cached.
2020-07-20 15:09:22 DEBUG cache:45 - Couldn't find template in cache for "v3html/category-view/v3-html-category-view.ftl"("en", UTF-8, parsed); will try to load it.
2020-07-20 15:09:22 DEBUG cache:45 - TemplateLoader.findTemplateSource("v3html/category-view/v3-html-category-view_en.ftl"): Not found
2020-07-20 15:09:22 DEBUG cache:45 - TemplateLoader.findTemplateSource("v3html/category-view/v3-html-category-view.ftl"): Found
2020-07-20 15:09:22 DEBUG cache:45 - Loading template for "v3html/category-view/v3-html-category-view.ftl"("en", UTF-8, parsed) from "jar:file:/C:/Users/Vidya/.m2/repository/com/aventstack/extentreports/4.0.9/extentreports-4.0.9.jar!/com/aventstack/extentreports/view/v3html/category-view/v3-html-category-view.ftl"
2020-07-20 15:09:22 DEBUG cache:45 - Couldn't find template in cache for "v3html/exception-view/v3-html-exception-view.ftl"("en", UTF-8, parsed); will try to load it.
2020-07-20 15:09:22 DEBUG cache:45 - TemplateLoader.findTemplateSource("v3html/exception-view/v3-html-exception-view_en.ftl"): Not found
2020-07-20 15:09:22 DEBUG cache:45 - TemplateLoader.findTemplateSource("v3html/exception-view/v3-html-exception-view.ftl"): Found
2020-07-20 15:09:22 DEBUG cache:45 - Loading template for "v3html/exception-view/v3-html-exception-view.ftl"("en", UTF-8, parsed) from "jar:file:/C:/Users/Vidya/.m2/repository/com/aventstack/extentreports/4.0.9/extentreports-4.0.9.jar!/com/aventstack/extentreports/view/v3html/exception-view/v3-html-exception-view.ftl"
2020-07-20 15:09:22 DEBUG cache:45 - Couldn't find template in cache for "v3html/author-view/v3-html-author-view.ftl"("en", UTF-8, parsed); will try to load it.
2020-07-20 15:09:22 DEBUG cache:45 - TemplateLoader.findTemplateSource("v3html/author-view/v3-html-author-view_en.ftl"): Not found
2020-07-20 15:09:22 DEBUG cache:45 - TemplateLoader.findTemplateSource("v3html/author-view/v3-html-author-view.ftl"): Found
2020-07-20 15:09:22 DEBUG cache:45 - Loading template for "v3html/author-view/v3-html-author-view.ftl"("en", UTF-8, parsed) from "jar:file:/C:/Users/Vidya/.m2/repository/com/aventstack/extentreports/4.0.9/extentreports-4.0.9.jar!/com/aventstack/extentreports/view/v3html/author-view/v3-html-author-view.ftl"
2020-07-20 15:09:22 DEBUG cache:45 - Couldn't find template in cache for "v3html/dashboard-view/v3-html-dashboard-view.ftl"("en", UTF-8, parsed); will try to load it.
2020-07-20 15:09:22 DEBUG cache:45 - TemplateLoader.findTemplateSource("v3html/dashboard-view/v3-html-dashboard-view_en.ftl"): Not found
2020-07-20 15:09:22 DEBUG cache:45 - TemplateLoader.findTemplateSource("v3html/dashboard-view/v3-html-dashboard-view.ftl"): Found
2020-07-20 15:09:22 DEBUG cache:45 - Loading template for "v3html/dashboard-view/v3-html-dashboard-view.ftl"("en", UTF-8, parsed) from "jar:file:/C:/Users/Vidya/.m2/repository/com/aventstack/extentreports/4.0.9/extentreports-4.0.9.jar!/com/aventstack/extentreports/view/v3html/dashboard-view/v3-html-dashboard-view.ftl"
2020-07-20 15:09:22 DEBUG cache:45 - Couldn't find template in cache for "v3html/logs-view/v3-html-testrunner-logs-view.ftl"("en", UTF-8, parsed); will try to load it.
2020-07-20 15:09:22 DEBUG cache:45 - TemplateLoader.findTemplateSource("v3html/logs-view/v3-html-testrunner-logs-view_en.ftl"): Not found
2020-07-20 15:09:22 DEBUG cache:45 - TemplateLoader.findTemplateSource("v3html/logs-view/v3-html-testrunner-logs-view.ftl"): Found
2020-07-20 15:09:22 DEBUG cache:45 - Loading template for "v3html/logs-view/v3-html-testrunner-logs-view.ftl"("en", UTF-8, parsed) from "jar:file:/C:/Users/Vidya/.m2/repository/com/aventstack/extentreports/4.0.9/extentreports-4.0.9.jar!/com/aventstack/extentreports/view/v3html/logs-view/v3-html-testrunner-logs-view.ftl"
